Microsoft HTML Help Compiler 4.74.8702

Compiling e:\Reference\DataBase\Oracle.CHM

Oracle Developer使用指南\笔记.txt
Oracle Developer使用指南\目录.txt
Oracle Developer使用指南\内容简介.txt
Oracle Developer使用指南\中国IT认证实验室学习下载频道.txt
oracle 资料\ORACLE新体系\ORACLE第11天.txt
oracle 资料\ORACLE新体系\ORACLE第八天.txt
oracle 资料\ORACLE新体系\ORACLE第二天.txt
oracle 资料\ORACLE新体系\ORACLE第九天.txt
oracle 资料\ORACLE新体系\ORACLE第六天.txt
oracle 资料\ORACLE新体系\ORACLE第三天.txt
oracle 资料\ORACLE新体系\ORACLE第四天.txt
oracle 资料\ORACLE新体系\ORACLE第一天.txt
oracle 资料\ORACLE新体系\第10天\archivelog_back.txt
oracle 资料\ORACLE新体系\第10天\cold_back.txt
oracle 资料\ORACLE新体系\第10天\hot_back.txt
oracle 资料\ORACLE新体系\第10天\ORACLE第十天.txt
oracle 资料\ORACLE新体系\第12天\ORACLE第12天.txt
oracle 资料\ORACLE新体系\第13天\Hello.css
oracle 资料\ORACLE新体系\第13天\Hellonew.css
oracle 资料\ORACLE新体系\第13天\ORACLE第13天.txt
oracle 资料\ORACLE新体系\第14天\JAVAXML\new\Ch12-5.htm
oracle 资料\ORACLE新体系\第14天\JAVAXML\saxexample\说明.txt
oracle 资料\ORACLE新体系\第14天\JAVAXML\Student_Details\说明.txt
oracle 资料\ORACLE新体系\第14天\ORACLE第14天.txt
oracle 资料\ORACLE新体系\第15天\authors.htm
oracle 资料\ORACLE新体系\第15天\ORACLE第15天.txt
oracle 资料\ORACLE新体系\第七天\ORACLE第七天.txt
oracle 资料\ORACLE新体系\第七天\触发器练习(答案).txt
oracle 资料\ORACLE新体系\第七天\游标使用练习(答案).txt
oracle 资料\ORACLE新体系\第七天\转帐事务处理\转帐问题.txt
oracle 资料\PLSQL编程手册.txt
oracle 资料\题目\oracle测试.txt
oracle 资料\题目\PLSql练习.txt
oracle 资料\题目\T-SQL练习.txt
oracle 资料\题目\xml测试.txt
oracle 资料\题目\报表.htm
oracle 资料\题目\触发器练习.txt
oracle 资料\题目\第3-4章练习.txt
oracle 资料\题目\过程函数练习.txt
oracle 资料\题目\过程函数作业.txt
oracle 资料\题目\练习(OEM数据库对象).txt
oracle 资料\题目\练习（运动会）.txt
oracle 资料\题目\练习.txt
oracle 资料\题目\练习二(A).txt
oracle 资料\题目\练习二.txt
oracle 资料\题目\练习三.txt
oracle 资料\题目\练习一(SQLSERVER).txt
oracle 资料\题目\练习一.txt
oracle 资料\题目\实际问题\安全认证模式.txt
oracle 资料\题目\实际问题\大数据量表的使用.txt
oracle 资料\题目\实际问题\订票问题.txt
oracle 资料\题目\实际问题\复杂报表的制作.txt
oracle 资料\题目\实际问题\药品批次出库.txt
oracle 资料\题目\实际问题\转帐问题.txt
oracle 资料\题目\实际问题\转帐问题解答.txt
oracle 资料\题目\实际问题\自动编号问题.txt
oracle 资料\题目\数据包练习.txt
oracle 资料\题目\数据库设计\购书网站设计(大作业).txt
oracle 资料\题目\数据库设计\购书网站设计(大作业设计).txt
oracle 资料\题目\数据库设计\汽车保险.txt
oracle 资料\题目\数据库设计\商品零售.txt
oracle 资料\题目\数据库设计\图书馆设计.txt
oracle 资料\题目\数据库设计\运输公司设计.txt
oracle 资料\题目\小练习.txt
oracle 资料\题目\小作业.txt
oracle 资料\题目\游标使用练习.txt
oracle 资料\题目\作业三（运动会）.txt
oracle 资料\题目\作业四（商店）.txt
oracle 资料\题目\作业四（商店）PLSQL.txt
oracle 资料\题目\作业五（公司）PLSQL.txt
oracle 资料\题目\作业五（公司）TSQL.txt
ORACLE8i PLSQL程序设计\default.htm
Oracle常用傻瓜问题1000问.txt
ORACLE函数及解释.txt
ORACLE新体系\ORACLE第11天.txt
ORACLE新体系\ORACLE第八天.txt
ORACLE新体系\ORACLE第二天.txt
ORACLE新体系\ORACLE第九天.txt
ORACLE新体系\ORACLE第六天.txt
ORACLE新体系\ORACLE第三天.txt
ORACLE新体系\ORACLE第四天.txt
ORACLE新体系\ORACLE第一天.txt
ORACLE新体系\第10天\archivelog_back.txt
ORACLE新体系\第10天\cold_back.txt
ORACLE新体系\第10天\hot_back.txt
ORACLE新体系\第10天\ORACLE第十天.txt
ORACLE新体系\第12天\ORACLE第12天.txt
ORACLE新体系\第13天\Hello.css
ORACLE新体系\第13天\Hellonew.css
ORACLE新体系\第13天\ORACLE第13天.txt
ORACLE新体系\第14天\JAVAXML\new\Ch12-5.htm
ORACLE新体系\第14天\JAVAXML\saxexample\说明.txt
ORACLE新体系\第14天\JAVAXML\Student_Details\说明.txt
ORACLE新体系\第14天\ORACLE第14天.txt
ORACLE新体系\第15天\authors.htm
ORACLE新体系\第15天\ORACLE第15天.txt
ORACLE新体系\第七天\ORACLE第七天.txt
ORACLE新体系\第七天\触发器练习(答案).txt
ORACLE新体系\第七天\游标使用练习(答案).txt
ORACLE新体系\第七天\转帐事务处理\转帐问题.txt
PLSQL编程手册.txt
SQL server 与Oracle开发比较.txt
TOAD使用笔记.txt
排序问题.txt
配置UltraEdit为Oracle PLSQL代码编辑器.txt
题目\oracle测试.txt
题目\PLSql练习.txt
题目\T-SQL练习.txt
题目\xml测试.txt
题目\报表.htm
题目\触发器练习.txt
题目\第3-4章练习.txt
题目\过程函数练习.txt
题目\过程函数作业.txt
题目\练习(OEM数据库对象).txt
题目\练习（运动会）.txt
题目\练习.txt
题目\练习二(A).txt
题目\练习二.txt
题目\练习三.txt
题目\练习一(SQLSERVER).txt
题目\练习一.txt
题目\实际问题\安全认证模式.txt
题目\实际问题\大数据量表的使用.txt
题目\实际问题\订票问题.txt
题目\实际问题\复杂报表的制作.txt
题目\实际问题\药品批次出库.txt
题目\实际问题\转帐问题.txt
题目\实际问题\转帐问题解答.txt
题目\实际问题\自动编号问题.txt
题目\数据包练习.txt
题目\数据库设计\购书网站设计(大作业).txt
题目\数据库设计\购书网站设计(大作业设计).txt
题目\数据库设计\汽车保险.txt
题目\数据库设计\商品零售.txt
题目\数据库设计\图书馆设计.txt
题目\数据库设计\运输公司设计.txt
题目\小练习.txt
题目\小作业.txt
题目\游标使用练习.txt
题目\作业三（运动会）.txt
题目\作业四（商店）.txt
题目\作业四（商店）PLSQL.txt
题目\作业五（公司）PLSQL.txt
题目\作业五（公司）TSQL.txt
网页\DBMS_SQL包\ORACLE 应用经验(3)-DBMS_SQL封装过程打印页面-中国代码网China-Code_Net.mht
网页\DBMS_SQL包\使用DBMS_SQL包执行DDL语句-Oracle认证考试-考试大.mht
网页\DBMS_SQL包\使用Oracle的DBMS_SQL包执行动态SQL语句.txt
网页\DBMS_SQL包\使用Oracle的DBMS_SQL包执行动态SQL语句_百度文库.mht
网页\model子句\ORACLE model 最新分享_分享_百度空间.mht
网页\model子句\ORACLE MODEL子句学习笔记 - 博客文库 - 博客园.mht
网页\model子句\Oracle,Oracle中使用SQL MODEL定义行间计算,珠江路在线.mht
网页\model子句\Oracle的model用法简介-Oracle认证考试-考试大.mht
网页\model子句\Oracle分析函数、多维函数和Model函数简要说明，主要针对BI报表统计 - 不胜人生一场醉 - CSDN博客.mht
网页\model子句\Oracle数据库10g：数据仓储前10位的新特征（一）_SQL Model子句.txt
网页\model子句\SQL for Modeling.mht
网页\Oracle存储过程中准确的实现分页实操 - 51CTO_COM.htm
网页\Oracle存储过程中准确的实现分页实操 - 51CTO_COM_files\110058602.jpg
网页\Oracle存储过程中准确的实现分页实操 - 51CTO_COM_files\114200508.gif
网页\Oracle存储过程中准确的实现分页实操 - 51CTO_COM_files\141820394.jpg
网页\Oracle存储过程中准确的实现分页实操 - 51CTO_COM_files\150820113.jpg
网页\Oracle存储过程中准确的实现分页实操 - 51CTO_COM_files\151013836.jpg
网页\Oracle存储过程中准确的实现分页实操 - 51CTO_COM_files\155404548.jpg
网页\Oracle存储过程中准确的实现分页实操 - 51CTO_COM_files\161707203.jpg
网页\Oracle存储过程中准确的实现分页实操 - 51CTO_COM_files\164504232.jpg
网页\Oracle存储过程中准确的实现分页实操 - 51CTO_COM_files\172755665.jpg
网页\Oracle存储过程中准确的实现分页实操 - 51CTO_COM_files\180742142.gif
网页\Oracle存储过程中准确的实现分页实操 - 51CTO_COM_files\9(1).htm
网页\Oracle存储过程中准确的实现分页实操 - 51CTO_COM_files\9(1)_files\adx.js
网页\Oracle存储过程中准确的实现分页实操 - 51CTO_COM_files\9.htm
网页\Oracle存储过程中准确的实现分页实操 - 51CTO_COM_files\9_files\adx.js
网页\Oracle存储过程中准确的实现分页实操 - 51CTO_COM_files\ad(1).js
网页\Oracle存储过程中准确的实现分页实操 - 51CTO_COM_files\ad(2).js
网页\Oracle存储过程中准确的实现分页实操 - 51CTO_COM_files\ad.js
网页\Oracle存储过程中准确的实现分页实操 - 51CTO_COM_files\art_bbshot.htm
网页\Oracle存储过程中准确的实现分页实操 - 51CTO_COM_files\art_blog.htm
网页\Oracle存储过程中准确的实现分页实操 - 51CTO_COM_files\artcomment.htm
网页\Oracle存储过程中准确的实现分页实操 - 51CTO_COM_files\article.js
网页\Oracle存储过程中准确的实现分页实操 - 51CTO_COM_files\authart.htm
网页\Oracle存储过程中准确的实现分页实操 - 51CTO_COM_files\base5.js
网页\Oracle存储过程中准确的实现分页实操 - 51CTO_COM_files\BTn_so.gif
网页\Oracle存储过程中准确的实现分页实操 - 51CTO_COM_files\copy_right.js
网页\Oracle存储过程中准确的实现分页实操 - 51CTO_COM_files\count.htm
网页\Oracle存储过程中准确的实现分页实操 - 51CTO_COM_files\count.js
网页\Oracle存储过程中准确的实现分页实操 - 51CTO_COM_files\dialog_utf8.js
网页\Oracle存储过程中准确的实现分页实操 - 51CTO_COM_files\dingyue.gif
网页\Oracle存储过程中准确的实现分页实操 - 51CTO_COM_files\ico1.gif
网页\Oracle存储过程中准确的实现分页实操 - 51CTO_COM_files\index_1_down.js
网页\Oracle存储过程中准确的实现分页实操 - 51CTO_COM_files\keywords_ad.js
网页\Oracle存储过程中准确的实现分页实操 - 51CTO_COM_files\mail.js
网页\Oracle存储过程中准确的实现分页实操 - 51CTO_COM_files\master.css
网页\Oracle存储过程中准确的实现分页实操 - 51CTO_COM_files\master_top.css
网页\Oracle存储过程中准确的实现分页实操 - 51CTO_COM_files\nomal.htm
网页\Oracle存储过程中准确的实现分页实操 - 51CTO_COM_files\shujuku_logo.gif
网页\Oracle存储过程中准确的实现分页实操 - 51CTO_COM_files\tuiding.gif
网页\Oracle存储过程中准确的实现分页实操 - 51CTO_COM_files\validate2.js
网页\Oracle存储过程中准确的实现分页实操 - 51CTO_COM_files\wordlink1.js
网页\Oracle存储过程中准确的实现分页实操 - 51CTO_COM_files\wordlink2.js
网页\Oracle存储过程中准确的实现分页实操 - 51CTO_COM_files\wordlink3.js
网页\Oracle存储过程中准确的实现分页实操 - 51CTO_COM_files\wordlink4.js
网页\Oracle基本数据类型存储格式浅析 - Oracle专题深入讨论 - ITPUB论坛 - IT168旗下专业技术社区.mht
网页\Oracle提高SQL在数据库中执行效率，不得不看 - 51CTO_COM.mht
网页\oracle行列转换\Oracle 行列转换积累 - 低调、扎实的一步一步走向架构师 - JavaEye技术网站.mht
网页\oracle行列转换\Oracle行列转换拼成字符串_数据库-开发_比特网.mht
HHC5003: Error: Compilation failed while compiling 网页\oracle行列转换\WMSYS_WM_CONCAT?函档挠梅_livia_新浪博客.mht.
网页\oracle行列转换\wmsys_wm_concat的几个用法 - a9529lty - CSDN博客.mht
网页\oracle行列转换\超难的行列转换问题wm_sys_wm_concat中排序的问题，目前只有几分，明日有了再加 - Oracle - 开发.mht
网页\oracle行列转换\还是行列转换问题 - MS-SQL Server - 应用实例.mht
网页\oracle行列转换\行转列 - - JavaEye技术网站.mht
网页\oracle行列转换\修改Oracle最大连接数 - 新风IT教育网.mht
网页\oracle行列转换\引用 oracle行列转换总结 - - JavaEye技术网站.mht
网页\导出CSV\ORACLE导出数据到CSV文件 ― Windows Live.mht
网页\导出CSV\急问spool导出csv格式数据,去除字段前后所有空格 - Oracle开发应用 - CNOUG - Powered by Discuz!.mht
网页\导出CSV\向oracle中导入_csv文件 - CodingArt - 博客园.mht
网页\导出CSV\转贴：oracle sql语句导出csv存储过程 百度空间_应用平台.mht
网页\分析函数\Oracle分析函数、多维函数和Model函数简要说明，主要针对BI报表统计 - 不胜人生一场醉 - CSDN博客.mht
网页\分页 存储过程\Oracle存储过程中准确的实现分页实操 - 51CTO_COM.htm
网页\分页 存储过程\Oracle存储过程中准确的实现分页实操 - 51CTO_COM_files\110058602.jpg
网页\分页 存储过程\Oracle存储过程中准确的实现分页实操 - 51CTO_COM_files\114200508.gif
网页\分页 存储过程\Oracle存储过程中准确的实现分页实操 - 51CTO_COM_files\141820394.jpg
网页\分页 存储过程\Oracle存储过程中准确的实现分页实操 - 51CTO_COM_files\150820113.jpg
网页\分页 存储过程\Oracle存储过程中准确的实现分页实操 - 51CTO_COM_files\151013836.jpg
网页\分页 存储过程\Oracle存储过程中准确的实现分页实操 - 51CTO_COM_files\155404548.jpg
网页\分页 存储过程\Oracle存储过程中准确的实现分页实操 - 51CTO_COM_files\161707203.jpg
网页\分页 存储过程\Oracle存储过程中准确的实现分页实操 - 51CTO_COM_files\164504232.jpg
网页\分页 存储过程\Oracle存储过程中准确的实现分页实操 - 51CTO_COM_files\172755665.jpg
网页\分页 存储过程\Oracle存储过程中准确的实现分页实操 - 51CTO_COM_files\180742142.gif
网页\分页 存储过程\Oracle存储过程中准确的实现分页实操 - 51CTO_COM_files\9(1).htm
网页\分页 存储过程\Oracle存储过程中准确的实现分页实操 - 51CTO_COM_files\9(1)_files\adx.js
网页\分页 存储过程\Oracle存储过程中准确的实现分页实操 - 51CTO_COM_files\9.htm
网页\分页 存储过程\Oracle存储过程中准确的实现分页实操 - 51CTO_COM_files\9_files\adx.js
网页\分页 存储过程\Oracle存储过程中准确的实现分页实操 - 51CTO_COM_files\ad(1).js
网页\分页 存储过程\Oracle存储过程中准确的实现分页实操 - 51CTO_COM_files\ad(2).js
网页\分页 存储过程\Oracle存储过程中准确的实现分页实操 - 51CTO_COM_files\ad.js
网页\分页 存储过程\Oracle存储过程中准确的实现分页实操 - 51CTO_COM_files\art_bbshot.htm
网页\分页 存储过程\Oracle存储过程中准确的实现分页实操 - 51CTO_COM_files\art_blog.htm
网页\分页 存储过程\Oracle存储过程中准确的实现分页实操 - 51CTO_COM_files\artcomment.htm
网页\分页 存储过程\Oracle存储过程中准确的实现分页实操 - 51CTO_COM_files\article.js
网页\分页 存储过程\Oracle存储过程中准确的实现分页实操 - 51CTO_COM_files\authart.htm
网页\分页 存储过程\Oracle存储过程中准确的实现分页实操 - 51CTO_COM_files\base5.js
网页\分页 存储过程\Oracle存储过程中准确的实现分页实操 - 51CTO_COM_files\BTn_so.gif
网页\分页 存储过程\Oracle存储过程中准确的实现分页实操 - 51CTO_COM_files\copy_right.js
网页\分页 存储过程\Oracle存储过程中准确的实现分页实操 - 51CTO_COM_files\count.htm
网页\分页 存储过程\Oracle存储过程中准确的实现分页实操 - 51CTO_COM_files\count.js
网页\分页 存储过程\Oracle存储过程中准确的实现分页实操 - 51CTO_COM_files\dialog_utf8.js
网页\分页 存储过程\Oracle存储过程中准确的实现分页实操 - 51CTO_COM_files\dingyue.gif
网页\分页 存储过程\Oracle存储过程中准确的实现分页实操 - 51CTO_COM_files\ico1.gif
网页\分页 存储过程\Oracle存储过程中准确的实现分页实操 - 51CTO_COM_files\index_1_down.js
网页\分页 存储过程\Oracle存储过程中准确的实现分页实操 - 51CTO_COM_files\keywords_ad.js
网页\分页 存储过程\Oracle存储过程中准确的实现分页实操 - 51CTO_COM_files\mail.js
网页\分页 存储过程\Oracle存储过程中准确的实现分页实操 - 51CTO_COM_files\master.css
网页\分页 存储过程\Oracle存储过程中准确的实现分页实操 - 51CTO_COM_files\master_top.css
网页\分页 存储过程\Oracle存储过程中准确的实现分页实操 - 51CTO_COM_files\nomal.htm
网页\分页 存储过程\Oracle存储过程中准确的实现分页实操 - 51CTO_COM_files\shujuku_logo.gif
网页\分页 存储过程\Oracle存储过程中准确的实现分页实操 - 51CTO_COM_files\tuiding.gif
网页\分页 存储过程\Oracle存储过程中准确的实现分页实操 - 51CTO_COM_files\validate2.js
网页\分页 存储过程\Oracle存储过程中准确的实现分页实操 - 51CTO_COM_files\wordlink1.js
网页\分页 存储过程\Oracle存储过程中准确的实现分页实操 - 51CTO_COM_files\wordlink2.js
网页\分页 存储过程\Oracle存储过程中准确的实现分页实操 - 51CTO_COM_files\wordlink3.js
网页\分页 存储过程\Oracle存储过程中准确的实现分页实操 - 51CTO_COM_files\wordlink4.js
网页\分页 存储过程\如何在Oracle存储过程中实现分页_Oracle_中国网管联盟bitsCN_com.mht
网页\分页 存储过程\一个简单的oracle分页存储过程的实现和调用_Oracle_中国网管联盟bitsCN_com.mht
网页\工作日\oracle 计算工作日 Oracle中得到工作日天数_ALEXA排名服务由发啦网络提供，alexa，alexa排名，alexa排名优化，刷alexa排名.mht
网页\工作日\Oracle的日期函数.txt
网页\工作日\ORACLE函数返回时间段之间工作日天数（精确到小时） - 博客文库 - 博客园.mht
网页\汉字转拼音\Excel 汉字转拼音.mht
网页\汉字转拼音\GetHZPY(汉字转拼音包使用方法).txt
网页\如何正确对Oracle database link进行布式 - 51CTO_COM.htm
网页\如何正确对Oracle database link进行布式 - 51CTO_COM_files\110058602.jpg
网页\如何正确对Oracle database link进行布式 - 51CTO_COM_files\114200508.gif
网页\如何正确对Oracle database link进行布式 - 51CTO_COM_files\141820394.jpg
网页\如何正确对Oracle database link进行布式 - 51CTO_COM_files\150820113.jpg
网页\如何正确对Oracle database link进行布式 - 51CTO_COM_files\151013836.jpg
网页\如何正确对Oracle database link进行布式 - 51CTO_COM_files\155404548.jpg
网页\如何正确对Oracle database link进行布式 - 51CTO_COM_files\161707203.jpg
网页\如何正确对Oracle database link进行布式 - 51CTO_COM_files\164504232.jpg
网页\如何正确对Oracle database link进行布式 - 51CTO_COM_files\172755665.jpg
网页\如何正确对Oracle database link进行布式 - 51CTO_COM_files\180742142.gif
网页\如何正确对Oracle database link进行布式 - 51CTO_COM_files\9(1).htm
网页\如何正确对Oracle database link进行布式 - 51CTO_COM_files\9(1)_files\adx.js
网页\如何正确对Oracle database link进行布式 - 51CTO_COM_files\9.htm
网页\如何正确对Oracle database link进行布式 - 51CTO_COM_files\9_files\adx.js
网页\如何正确对Oracle database link进行布式 - 51CTO_COM_files\ad(1).js
网页\如何正确对Oracle database link进行布式 - 51CTO_COM_files\ad(2).js
网页\如何正确对Oracle database link进行布式 - 51CTO_COM_files\ad.js
网页\如何正确对Oracle database link进行布式 - 51CTO_COM_files\art_bbshot.htm
网页\如何正确对Oracle database link进行布式 - 51CTO_COM_files\art_blog.htm
网页\如何正确对Oracle database link进行布式 - 51CTO_COM_files\artcomment.htm
网页\如何正确对Oracle database link进行布式 - 51CTO_COM_files\article.js
网页\如何正确对Oracle database link进行布式 - 51CTO_COM_files\authart.htm
网页\如何正确对Oracle database link进行布式 - 51CTO_COM_files\base5.js
网页\如何正确对Oracle database link进行布式 - 51CTO_COM_files\BTn_so.gif
网页\如何正确对Oracle database link进行布式 - 51CTO_COM_files\copy_right.js
网页\如何正确对Oracle database link进行布式 - 51CTO_COM_files\count.htm
网页\如何正确对Oracle database link进行布式 - 51CTO_COM_files\count.js
网页\如何正确对Oracle database link进行布式 - 51CTO_COM_files\dialog_utf8.js
网页\如何正确对Oracle database link进行布式 - 51CTO_COM_files\dingyue.gif
网页\如何正确对Oracle database link进行布式 - 51CTO_COM_files\ico1.gif
网页\如何正确对Oracle database link进行布式 - 51CTO_COM_files\index_1_down.js
网页\如何正确对Oracle database link进行布式 - 51CTO_COM_files\keywords_ad.js
网页\如何正确对Oracle database link进行布式 - 51CTO_COM_files\mail.js
网页\如何正确对Oracle database link进行布式 - 51CTO_COM_files\master.css
网页\如何正确对Oracle database link进行布式 - 51CTO_COM_files\master_top.css
网页\如何正确对Oracle database link进行布式 - 51CTO_COM_files\nomal.htm
网页\如何正确对Oracle database link进行布式 - 51CTO_COM_files\shujuku_logo.gif
网页\如何正确对Oracle database link进行布式 - 51CTO_COM_files\tuiding.gif
网页\如何正确对Oracle database link进行布式 - 51CTO_COM_files\validate2.js
网页\如何正确对Oracle database link进行布式 - 51CTO_COM_files\wordlink1.js
网页\如何正确对Oracle database link进行布式 - 51CTO_COM_files\wordlink2.js
网页\如何正确对Oracle database link进行布式 - 51CTO_COM_files\wordlink3.js
网页\如何正确对Oracle database link进行布式 - 51CTO_COM_files\wordlink4.js
网页\使用存储过程读取Oracle中的clob字段的数据 - lgstarzkhl - JavaEye技术网站.mht
网页\索引 簇\[Oracle dba]-簇_Oracle_开发学院.mht
网页\索引 簇\Oracle ---- 簇（聚集）--cluster(转) - - JavaEye技术网站.mht
网页\索引 簇\oracle hints的用法总结 - Database - Tech - JavaEye论坛.mht
网页\索引 簇\Oracle的簇 - 自由民工 - JavaEye技术网站.mht
网页\索引 簇\ORACLE索引聚簇表的数据加载.mht
网页\索引 簇\海量查询的数据优化 - JAVA 3T - JavaEye圈子.mht
网页\索引\Oracle数据库中的本地索引和全局索引的区别 - wzy0623的专栏 - 博客频道 - CSDN_NET.mht
网页\物化视图\Oracle物化视图：创建最简单物化视图-开发技术(2)_Oracle_中国网管联盟bitsCN_com.mht
网页\物化视图\Oracle物化视图：创建最简单物化视图-开发技术(3)_Oracle_中国网管联盟bitsCN_com.mht
网页\物化视图\Oracle物化视图：创建最简单物化视图-开发技术(4)_Oracle_中国网管联盟bitsCN_com.mht
网页\物化视图\Oracle物化视图：创建最简单物化视图-开发技术(5)_Oracle_中国网管联盟bitsCN_com.mht
网页\物化视图\Oracle物化视图：创建最简单物化视图-开发技术_Oracle_中国网管联盟bitsCN_com.mht
网页\物化视图\简单描述Oracle物化视图日志.mht
网页\物化视图\物化视图_360doc.mht
网页\物化视图\物化视图_百度百科.mht
TOC-Created-By-Easy-CHM.HHC
Index-Created-By-Easy-CHM.HHK
C:\Temp\EasyCHM.html
c:\Temp\ecico.gif
ORACLE8i PLSQL程序设计\100.001
ORACLE8i PLSQL程序设计\100.002
ORACLE8i PLSQL程序设计\100.003
ORACLE8i PLSQL程序设计\100.004
ORACLE8i PLSQL程序设计\100.005
ORACLE8i PLSQL程序设计\100.006
ORACLE8i PLSQL程序设计\100.007
ORACLE8i PLSQL程序设计\100.008
ORACLE8i PLSQL程序设计\100.009
ORACLE8i PLSQL程序设计\100.010
ORACLE8i PLSQL程序设计\100.011
ORACLE8i PLSQL程序设计\100.012
ORACLE8i PLSQL程序设计\100.013
ORACLE8i PLSQL程序设计\100.014
ORACLE8i PLSQL程序设计\100.015
ORACLE8i PLSQL程序设计\100.016
ORACLE8i PLSQL程序设计\100.017
ORACLE8i PLSQL程序设计\100.018
ORACLE8i PLSQL程序设计\100.019
ORACLE8i PLSQL程序设计\100.020
ORACLE8i PLSQL程序设计\100.021
ORACLE8i PLSQL程序设计\100.022
ORACLE8i PLSQL程序设计\100.023
ORACLE8i PLSQL程序设计\100.024
ORACLE8i PLSQL程序设计\100.025
ORACLE8i PLSQL程序设计\100.026
ORACLE8i PLSQL程序设计\100.027
ORACLE8i PLSQL程序设计\100.028
ORACLE8i PLSQL程序设计\100.029
ORACLE8i PLSQL程序设计\100.030
ORACLE8i PLSQL程序设计\100.031
ORACLE8i PLSQL程序设计\100.032
ORACLE8i PLSQL程序设计\100.033
ORACLE8i PLSQL程序设计\100.034
ORACLE8i PLSQL程序设计\100.035
ORACLE8i PLSQL程序设计\100.036
ORACLE8i PLSQL程序设计\100.037
ORACLE8i PLSQL程序设计\100.038
ORACLE8i PLSQL程序设计\100.039
ORACLE8i PLSQL程序设计\100.040
ORACLE8i PLSQL程序设计\100.041
ORACLE8i PLSQL程序设计\100.042
ORACLE8i PLSQL程序设计\100.043
ORACLE8i PLSQL程序设计\100.044
ORACLE8i PLSQL程序设计\100.045
ORACLE8i PLSQL程序设计\100.046
ORACLE8i PLSQL程序设计\100.047
ORACLE8i PLSQL程序设计\100.048
ORACLE8i PLSQL程序设计\100.049
ORACLE8i PLSQL程序设计\100.050
ORACLE8i PLSQL程序设计\100.051
ORACLE8i PLSQL程序设计\100.052
ORACLE8i PLSQL程序设计\100.053
ORACLE8i PLSQL程序设计\100.054
ORACLE8i PLSQL程序设计\100.055
ORACLE8i PLSQL程序设计\100.056
ORACLE8i PLSQL程序设计\100.057
ORACLE8i PLSQL程序设计\100.058
ORACLE8i PLSQL程序设计\100.059
ORACLE8i PLSQL程序设计\100.060
ORACLE8i PLSQL程序设计\100.061
ORACLE8i PLSQL程序设计\100.062
ORACLE8i PLSQL程序设计\100.063
ORACLE8i PLSQL程序设计\100.064
ORACLE8i PLSQL程序设计\100.065
ORACLE8i PLSQL程序设计\100.066
ORACLE8i PLSQL程序设计\100.067
ORACLE8i PLSQL程序设计\100.068
ORACLE8i PLSQL程序设计\100.069
ORACLE8i PLSQL程序设计\100.070
ORACLE8i PLSQL程序设计\100.071
ORACLE8i PLSQL程序设计\100.072
ORACLE8i PLSQL程序设计\100.073
ORACLE8i PLSQL程序设计\100.074
ORACLE8i PLSQL程序设计\100.075
ORACLE8i PLSQL程序设计\100.076
ORACLE8i PLSQL程序设计\100.077
ORACLE8i PLSQL程序设计\100.078
ORACLE8i PLSQL程序设计\100.079
ORACLE8i PLSQL程序设计\100.080
ORACLE8i PLSQL程序设计\100.081
ORACLE8i PLSQL程序设计\100.082
ORACLE8i PLSQL程序设计\100.083
ORACLE8i PLSQL程序设计\100.084
ORACLE8i PLSQL程序设计\100.085
ORACLE8i PLSQL程序设计\100.086
ORACLE8i PLSQL程序设计\100.087
ORACLE8i PLSQL程序设计\100.088
ORACLE8i PLSQL程序设计\100.089
ORACLE8i PLSQL程序设计\100.090
ORACLE8i PLSQL程序设计\100.091
ORACLE8i PLSQL程序设计\100.092
ORACLE8i PLSQL程序设计\100.093
ORACLE8i PLSQL程序设计\100.094
ORACLE8i PLSQL程序设计\100.095
ORACLE8i PLSQL程序设计\100.096
ORACLE8i PLSQL程序设计\100.097
ORACLE8i PLSQL程序设计\100.098
ORACLE8i PLSQL程序设计\100.099
ORACLE8i PLSQL程序设计\100.100
ORACLE8i PLSQL程序设计\100.101
ORACLE8i PLSQL程序设计\100.102
ORACLE8i PLSQL程序设计\100.103
ORACLE8i PLSQL程序设计\100.104
ORACLE8i PLSQL程序设计\100.105
ORACLE8i PLSQL程序设计\100.106
ORACLE8i PLSQL程序设计\100.107
ORACLE8i PLSQL程序设计\100.108
ORACLE8i PLSQL程序设计\100.109
ORACLE8i PLSQL程序设计\100.110
ORACLE8i PLSQL程序设计\100.111
ORACLE8i PLSQL程序设计\100.112
ORACLE8i PLSQL程序设计\100.113
ORACLE8i PLSQL程序设计\100.114
ORACLE8i PLSQL程序设计\100.115
ORACLE8i PLSQL程序设计\100.116
ORACLE8i PLSQL程序设计\100.117
ORACLE8i PLSQL程序设计\100.118
ORACLE8i PLSQL程序设计\100.119
ORACLE8i PLSQL程序设计\100.120
ORACLE8i PLSQL程序设计\100.121
ORACLE8i PLSQL程序设计\100.122
ORACLE8i PLSQL程序设计\100.123
ORACLE8i PLSQL程序设计\100.124
ORACLE8i PLSQL程序设计\100.125
ORACLE8i PLSQL程序设计\100.126
ORACLE8i PLSQL程序设计\100.127
ORACLE8i PLSQL程序设计\100.128
ORACLE8i PLSQL程序设计\100.129
ORACLE8i PLSQL程序设计\100.130
ORACLE8i PLSQL程序设计\100.131
ORACLE8i PLSQL程序设计\100.132
ORACLE8i PLSQL程序设计\100.133
ORACLE8i PLSQL程序设计\100.134
ORACLE8i PLSQL程序设计\100.135
ORACLE8i PLSQL程序设计\100.136
ORACLE8i PLSQL程序设计\100.137
ORACLE8i PLSQL程序设计\100.138
ORACLE8i PLSQL程序设计\100.139
ORACLE8i PLSQL程序设计\100.140
ORACLE8i PLSQL程序设计\100.141
ORACLE8i PLSQL程序设计\100.142
ORACLE8i PLSQL程序设计\100.143
ORACLE8i PLSQL程序设计\100.144
ORACLE8i PLSQL程序设计\100.145
ORACLE8i PLSQL程序设计\100.146
ORACLE8i PLSQL程序设计\100.147
ORACLE8i PLSQL程序设计\100.148
ORACLE8i PLSQL程序设计\100.149
ORACLE8i PLSQL程序设计\100.150
ORACLE8i PLSQL程序设计\100.151
ORACLE8i PLSQL程序设计\100.152
ORACLE8i PLSQL程序设计\100.153
ORACLE8i PLSQL程序设计\100.154
ORACLE8i PLSQL程序设计\100.155
ORACLE8i PLSQL程序设计\100.156
ORACLE8i PLSQL程序设计\100.157
ORACLE8i PLSQL程序设计\100.158
ORACLE8i PLSQL程序设计\100.159
ORACLE8i PLSQL程序设计\100.160
ORACLE8i PLSQL程序设计\100.161
ORACLE8i PLSQL程序设计\100.162
ORACLE8i PLSQL程序设计\100.163
ORACLE8i PLSQL程序设计\100.164
ORACLE8i PLSQL程序设计\100.165
ORACLE8i PLSQL程序设计\100.166
ORACLE8i PLSQL程序设计\100.167
ORACLE8i PLSQL程序设计\100.168
ORACLE8i PLSQL程序设计\100.169
ORACLE8i PLSQL程序设计\100.170
ORACLE8i PLSQL程序设计\100.171
ORACLE8i PLSQL程序设计\100.172
ORACLE8i PLSQL程序设计\100.173
ORACLE8i PLSQL程序设计\100.174
ORACLE8i PLSQL程序设计\100.175
ORACLE8i PLSQL程序设计\100.176
ORACLE8i PLSQL程序设计\100.177
ORACLE8i PLSQL程序设计\100.178
ORACLE8i PLSQL程序设计\100.179
ORACLE8i PLSQL程序设计\100.180
ORACLE8i PLSQL程序设计\100.181
ORACLE8i PLSQL程序设计\100.182
ORACLE8i PLSQL程序设计\100.183
ORACLE8i PLSQL程序设计\100.184
ORACLE8i PLSQL程序设计\100.185
ORACLE8i PLSQL程序设计\100.186
ORACLE8i PLSQL程序设计\100.187
ORACLE8i PLSQL程序设计\100.188
ORACLE8i PLSQL程序设计\100.189
ORACLE8i PLSQL程序设计\100.190
ORACLE8i PLSQL程序设计\100.191
ORACLE8i PLSQL程序设计\100.192
ORACLE8i PLSQL程序设计\100.193
ORACLE8i PLSQL程序设计\100.194
ORACLE8i PLSQL程序设计\100.195
ORACLE8i PLSQL程序设计\100.196
ORACLE8i PLSQL程序设计\100.197
ORACLE8i PLSQL程序设计\100.198
ORACLE8i PLSQL程序设计\100.199
ORACLE8i PLSQL程序设计\100.200
ORACLE8i PLSQL程序设计\100.201
ORACLE8i PLSQL程序设计\100.202
ORACLE8i PLSQL程序设计\100.203
ORACLE8i PLSQL程序设计\100.204
ORACLE8i PLSQL程序设计\100.205
ORACLE8i PLSQL程序设计\100.206
ORACLE8i PLSQL程序设计\100.207
ORACLE8i PLSQL程序设计\100.208
ORACLE8i PLSQL程序设计\100.209
ORACLE8i PLSQL程序设计\100.210
ORACLE8i PLSQL程序设计\100.211
ORACLE8i PLSQL程序设计\100.212
ORACLE8i PLSQL程序设计\100.213
ORACLE8i PLSQL程序设计\100.214
ORACLE8i PLSQL程序设计\100.215
ORACLE8i PLSQL程序设计\100.216
ORACLE8i PLSQL程序设计\100.217
ORACLE8i PLSQL程序设计\100.218
ORACLE8i PLSQL程序设计\100.219
ORACLE8i PLSQL程序设计\100.220
ORACLE8i PLSQL程序设计\100.221
ORACLE8i PLSQL程序设计\100.222
ORACLE8i PLSQL程序设计\100.223
ORACLE8i PLSQL程序设计\100.224
ORACLE8i PLSQL程序设计\100.225
ORACLE8i PLSQL程序设计\100.226
ORACLE8i PLSQL程序设计\100.227
ORACLE8i PLSQL程序设计\100.228
ORACLE8i PLSQL程序设计\100.229
ORACLE8i PLSQL程序设计\100.230
ORACLE8i PLSQL程序设计\100.231
ORACLE8i PLSQL程序设计\100.232
ORACLE8i PLSQL程序设计\100.233
ORACLE8i PLSQL程序设计\100.234
ORACLE8i PLSQL程序设计\100.235
ORACLE8i PLSQL程序设计\100.236
ORACLE8i PLSQL程序设计\100.237
ORACLE8i PLSQL程序设计\100.238
ORACLE8i PLSQL程序设计\100.239
ORACLE8i PLSQL程序设计\100.240
ORACLE8i PLSQL程序设计\100.241
ORACLE8i PLSQL程序设计\100.242
ORACLE8i PLSQL程序设计\100.243
ORACLE8i PLSQL程序设计\100.244
ORACLE8i PLSQL程序设计\100.245
ORACLE8i PLSQL程序设计\100.246
ORACLE8i PLSQL程序设计\100.247
ORACLE8i PLSQL程序设计\100.248
ORACLE8i PLSQL程序设计\100.249
ORACLE8i PLSQL程序设计\100.250
ORACLE8i PLSQL程序设计\100.251
ORACLE8i PLSQL程序设计\100.252
ORACLE8i PLSQL程序设计\100.253
ORACLE8i PLSQL程序设计\100.254
ORACLE8i PLSQL程序设计\100.255
ORACLE8i PLSQL程序设计\100.256
ORACLE8i PLSQL程序设计\100.257
ORACLE8i PLSQL程序设计\100.258
ORACLE8i PLSQL程序设计\100.259
ORACLE8i PLSQL程序设计\100.260
ORACLE8i PLSQL程序设计\100.261
ORACLE8i PLSQL程序设计\100.262
ORACLE8i PLSQL程序设计\100.263
ORACLE8i PLSQL程序设计\100.264
ORACLE8i PLSQL程序设计\100.265
ORACLE8i PLSQL程序设计\100.266
ORACLE8i PLSQL程序设计\100.267
ORACLE8i PLSQL程序设计\100.268
ORACLE8i PLSQL程序设计\100.269
ORACLE8i PLSQL程序设计\100.270
ORACLE8i PLSQL程序设计\100.271
ORACLE8i PLSQL程序设计\100.272
ORACLE8i PLSQL程序设计\100.273
ORACLE8i PLSQL程序设计\100.274
ORACLE8i PLSQL程序设计\100.275
ORACLE8i PLSQL程序设计\100.276
ORACLE8i PLSQL程序设计\100.277
ORACLE8i PLSQL程序设计\100.278
ORACLE8i PLSQL程序设计\100.279
ORACLE8i PLSQL程序设计\100.280
ORACLE8i PLSQL程序设计\100.281
ORACLE8i PLSQL程序设计\100.282
ORACLE8i PLSQL程序设计\100.283
ORACLE8i PLSQL程序设计\100.284
ORACLE8i PLSQL程序设计\100.285
ORACLE8i PLSQL程序设计\100.286
ORACLE8i PLSQL程序设计\100.287
ORACLE8i PLSQL程序设计\100.288
ORACLE8i PLSQL程序设计\100.289
ORACLE8i PLSQL程序设计\100.290
ORACLE8i PLSQL程序设计\100.291
ORACLE8i PLSQL程序设计\100.292
ORACLE8i PLSQL程序设计\100.293
ORACLE8i PLSQL程序设计\100.294
ORACLE8i PLSQL程序设计\100.295
ORACLE8i PLSQL程序设计\100.296
ORACLE8i PLSQL程序设计\100.297
ORACLE8i PLSQL程序设计\100.298
ORACLE8i PLSQL程序设计\100.299
ORACLE8i PLSQL程序设计\100.300
ORACLE8i PLSQL程序设计\100.301
ORACLE8i PLSQL程序设计\100.302
ORACLE8i PLSQL程序设计\100.303
ORACLE8i PLSQL程序设计\100.304
ORACLE8i PLSQL程序设计\100.305
ORACLE8i PLSQL程序设计\100.306
ORACLE8i PLSQL程序设计\100.307
ORACLE8i PLSQL程序设计\100.308
ORACLE8i PLSQL程序设计\100.309
ORACLE8i PLSQL程序设计\100.310
ORACLE8i PLSQL程序设计\100.311
ORACLE8i PLSQL程序设计\100.312
ORACLE8i PLSQL程序设计\100.313
ORACLE8i PLSQL程序设计\100.314
ORACLE8i PLSQL程序设计\100.315
ORACLE8i PLSQL程序设计\100.316
ORACLE8i PLSQL程序设计\100.317
ORACLE8i PLSQL程序设计\100.318
ORACLE8i PLSQL程序设计\100.319
ORACLE8i PLSQL程序设计\100.320
ORACLE8i PLSQL程序设计\100.321
ORACLE8i PLSQL程序设计\100.322
ORACLE8i PLSQL程序设计\100.323
ORACLE8i PLSQL程序设计\100.324
ORACLE8i PLSQL程序设计\100.325
ORACLE8i PLSQL程序设计\100.326
ORACLE8i PLSQL程序设计\100.327
ORACLE8i PLSQL程序设计\100.328
ORACLE8i PLSQL程序设计\100.329
ORACLE8i PLSQL程序设计\100.330
ORACLE8i PLSQL程序设计\100.331
ORACLE8i PLSQL程序设计\100.332
ORACLE8i PLSQL程序设计\100.333
ORACLE8i PLSQL程序设计\100.334
ORACLE8i PLSQL程序设计\100.335
ORACLE8i PLSQL程序设计\100.336
ORACLE8i PLSQL程序设计\100.337
ORACLE8i PLSQL程序设计\100.338
ORACLE8i PLSQL程序设计\100.339
ORACLE8i PLSQL程序设计\100.340
ORACLE8i PLSQL程序设计\100.341
ORACLE8i PLSQL程序设计\100.342
ORACLE8i PLSQL程序设计\100.343
ORACLE8i PLSQL程序设计\100.344
ORACLE8i PLSQL程序设计\100.345
ORACLE8i PLSQL程序设计\100.346
ORACLE8i PLSQL程序设计\100.347
ORACLE8i PLSQL程序设计\100.348
ORACLE8i PLSQL程序设计\100.349
ORACLE8i PLSQL程序设计\100.350
ORACLE8i PLSQL程序设计\100.351
ORACLE8i PLSQL程序设计\100.352
ORACLE8i PLSQL程序设计\100.353
ORACLE8i PLSQL程序设计\100.354
ORACLE8i PLSQL程序设计\100.355
ORACLE8i PLSQL程序设计\100.356
ORACLE8i PLSQL程序设计\100.357
ORACLE8i PLSQL程序设计\100.358
ORACLE8i PLSQL程序设计\100.359
ORACLE8i PLSQL程序设计\100.360
ORACLE8i PLSQL程序设计\100.361
ORACLE8i PLSQL程序设计\100.362
ORACLE8i PLSQL程序设计\100.363
ORACLE8i PLSQL程序设计\100.364
ORACLE8i PLSQL程序设计\100.365
ORACLE8i PLSQL程序设计\100.366
ORACLE8i PLSQL程序设计\100.367
ORACLE8i PLSQL程序设计\100.368
ORACLE8i PLSQL程序设计\100.369
ORACLE8i PLSQL程序设计\100.370
ORACLE8i PLSQL程序设计\100.371
ORACLE8i PLSQL程序设计\100.372
ORACLE8i PLSQL程序设计\100.373
ORACLE8i PLSQL程序设计\100.374
ORACLE8i PLSQL程序设计\100.375
ORACLE8i PLSQL程序设计\100.376
ORACLE8i PLSQL程序设计\100.377
ORACLE8i PLSQL程序设计\100.378
ORACLE8i PLSQL程序设计\100.379
ORACLE8i PLSQL程序设计\100.380
ORACLE8i PLSQL程序设计\100.381
ORACLE8i PLSQL程序设计\100.382
ORACLE8i PLSQL程序设计\100.383
ORACLE8i PLSQL程序设计\100.384
ORACLE8i PLSQL程序设计\100.385
ORACLE8i PLSQL程序设计\100.386
ORACLE8i PLSQL程序设计\100.387
ORACLE8i PLSQL程序设计\100.388
ORACLE8i PLSQL程序设计\100.389
ORACLE8i PLSQL程序设计\100.390
ORACLE8i PLSQL程序设计\100.391
ORACLE8i PLSQL程序设计\100.392
ORACLE8i PLSQL程序设计\100.393
ORACLE8i PLSQL程序设计\100.394
ORACLE8i PLSQL程序设计\100.395
ORACLE8i PLSQL程序设计\100.396
ORACLE8i PLSQL程序设计\100.397
ORACLE8i PLSQL程序设计\100.398
ORACLE8i PLSQL程序设计\100.399
ORACLE8i PLSQL程序设计\100.400
ORACLE8i PLSQL程序设计\100.401
ORACLE8i PLSQL程序设计\100.402
ORACLE8i PLSQL程序设计\100.403
ORACLE8i PLSQL程序设计\100.404
ORACLE8i PLSQL程序设计\100.405
ORACLE8i PLSQL程序设计\100.406
ORACLE8i PLSQL程序设计\100.407
ORACLE8i PLSQL程序设计\100.408
ORACLE8i PLSQL程序设计\100.409
ORACLE8i PLSQL程序设计\100.410
ORACLE8i PLSQL程序设计\100.411
ORACLE8i PLSQL程序设计\100.412
ORACLE8i PLSQL程序设计\100.413
ORACLE8i PLSQL程序设计\100.414
ORACLE8i PLSQL程序设计\100.415
ORACLE8i PLSQL程序设计\100.416
ORACLE8i PLSQL程序设计\100.417
ORACLE8i PLSQL程序设计\100.418
ORACLE8i PLSQL程序设计\100.419
ORACLE8i PLSQL程序设计\100.420
ORACLE8i PLSQL程序设计\100.421
ORACLE8i PLSQL程序设计\100.422
ORACLE8i PLSQL程序设计\100.423
ORACLE8i PLSQL程序设计\100.424
ORACLE8i PLSQL程序设计\100.425
ORACLE8i PLSQL程序设计\100.426
ORACLE8i PLSQL程序设计\100.427
ORACLE8i PLSQL程序设计\100.428
ORACLE8i PLSQL程序设计\100.429
ORACLE8i PLSQL程序设计\100.430
ORACLE8i PLSQL程序设计\100.431
ORACLE8i PLSQL程序设计\100.432
ORACLE8i PLSQL程序设计\100.433
ORACLE8i PLSQL程序设计\100.434
ORACLE8i PLSQL程序设计\100.435
ORACLE8i PLSQL程序设计\100.436
ORACLE8i PLSQL程序设计\100.437
ORACLE8i PLSQL程序设计\100.438
ORACLE8i PLSQL程序设计\100.439
ORACLE8i PLSQL程序设计\100.440
ORACLE8i PLSQL程序设计\100.441
ORACLE8i PLSQL程序设计\100.442
ORACLE8i PLSQL程序设计\100.443
ORACLE8i PLSQL程序设计\100.444
ORACLE8i PLSQL程序设计\100.445
ORACLE8i PLSQL程序设计\100.446
ORACLE8i PLSQL程序设计\100.447
ORACLE8i PLSQL程序设计\100.448
ORACLE8i PLSQL程序设计\100.449
ORACLE8i PLSQL程序设计\100.450
ORACLE8i PLSQL程序设计\100.451
ORACLE8i PLSQL程序设计\100.452
ORACLE8i PLSQL程序设计\100.453
ORACLE8i PLSQL程序设计\100.454
ORACLE8i PLSQL程序设计\100.455
ORACLE8i PLSQL程序设计\100.456
ORACLE8i PLSQL程序设计\100.457
ORACLE8i PLSQL程序设计\100.458
ORACLE8i PLSQL程序设计\100.459
ORACLE8i PLSQL程序设计\100.460
ORACLE8i PLSQL程序设计\100.461
ORACLE8i PLSQL程序设计\100.462
ORACLE8i PLSQL程序设计\100.463
ORACLE8i PLSQL程序设计\100.464
ORACLE8i PLSQL程序设计\100.465
ORACLE8i PLSQL程序设计\100.466
ORACLE8i PLSQL程序设计\100.467
ORACLE8i PLSQL程序设计\100.468
ORACLE8i PLSQL程序设计\100.469
ORACLE8i PLSQL程序设计\100.470
ORACLE8i PLSQL程序设计\100.471
ORACLE8i PLSQL程序设计\100.472
ORACLE8i PLSQL程序设计\100.473
ORACLE8i PLSQL程序设计\100.474
ORACLE8i PLSQL程序设计\100.475
ORACLE8i PLSQL程序设计\100.476
ORACLE8i PLSQL程序设计\100.477
ORACLE8i PLSQL程序设计\100.478
ORACLE8i PLSQL程序设计\100.479
ORACLE8i PLSQL程序设计\100.480
ORACLE8i PLSQL程序设计\100.481
ORACLE8i PLSQL程序设计\100.482
ORACLE8i PLSQL程序设计\100.483
ORACLE8i PLSQL程序设计\100.484
ORACLE8i PLSQL程序设计\100.485
ORACLE8i PLSQL程序设计\100.486
ORACLE8i PLSQL程序设计\100.487
ORACLE8i PLSQL程序设计\100.488
ORACLE8i PLSQL程序设计\100.489
ORACLE8i PLSQL程序设计\100.490
ORACLE8i PLSQL程序设计\100.491
ORACLE8i PLSQL程序设计\100.492
ORACLE8i PLSQL程序设计\100.493
ORACLE8i PLSQL程序设计\100.494
ORACLE8i PLSQL程序设计\100.495
ORACLE8i PLSQL程序设计\100.496
ORACLE8i PLSQL程序设计\100.497
ORACLE8i PLSQL程序设计\100.498
ORACLE8i PLSQL程序设计\100.499
ORACLE8i PLSQL程序设计\100.500
ORACLE8i PLSQL程序设计\100.501
ORACLE8i PLSQL程序设计\100.502
ORACLE8i PLSQL程序设计\100.503
ORACLE8i PLSQL程序设计\100.504
ORACLE8i PLSQL程序设计\100.505
ORACLE8i PLSQL程序设计\100.506
ORACLE8i PLSQL程序设计\100.507
ORACLE8i PLSQL程序设计\100.508
ORACLE8i PLSQL程序设计\100.509
ORACLE8i PLSQL程序设计\100.510
ORACLE8i PLSQL程序设计\100.511
ORACLE8i PLSQL程序设计\100.512
ORACLE8i PLSQL程序设计\100.513
ORACLE8i PLSQL程序设计\100.514
ORACLE8i PLSQL程序设计\100.515
ORACLE8i PLSQL程序设计\100.516
ORACLE8i PLSQL程序设计\100.517
ORACLE8i PLSQL程序设计\100.518
ORACLE8i PLSQL程序设计\100.519
ORACLE8i PLSQL程序设计\100.520
ORACLE8i PLSQL程序设计\100.521
ORACLE8i PLSQL程序设计\100.522
ORACLE8i PLSQL程序设计\100.523
ORACLE8i PLSQL程序设计\100.524
ORACLE8i PLSQL程序设计\100.525
ORACLE8i PLSQL程序设计\100.526
ORACLE8i PLSQL程序设计\100.527
ORACLE8i PLSQL程序设计\100.528
ORACLE8i PLSQL程序设计\100.529
ORACLE8i PLSQL程序设计\100.530
ORACLE8i PLSQL程序设计\100.531
ORACLE8i PLSQL程序设计\100.532
ORACLE8i PLSQL程序设计\100.533
ORACLE8i PLSQL程序设计\100.534
ORACLE8i PLSQL程序设计\100.535
ORACLE8i PLSQL程序设计\100.536
ORACLE8i PLSQL程序设计\100.537
ORACLE8i PLSQL程序设计\100.538
ORACLE8i PLSQL程序设计\100.539
ORACLE8i PLSQL程序设计\100.540
ORACLE8i PLSQL程序设计\100.541
ORACLE8i PLSQL程序设计\100.542
ORACLE8i PLSQL程序设计\100.543
ORACLE8i PLSQL程序设计\100.544
ORACLE8i PLSQL程序设计\100.545
ORACLE8i PLSQL程序设计\100.546
ORACLE8i PLSQL程序设计\100.547
ORACLE8i PLSQL程序设计\100.548
ORACLE8i PLSQL程序设计\100.549
ORACLE8i PLSQL程序设计\100.550
ORACLE8i PLSQL程序设计\100.551
ORACLE8i PLSQL程序设计\100.552
ORACLE8i PLSQL程序设计\100.553
ORACLE8i PLSQL程序设计\100.554
ORACLE8i PLSQL程序设计\100.555
ORACLE8i PLSQL程序设计\100.556
ORACLE8i PLSQL程序设计\100.557
ORACLE8i PLSQL程序设计\100.558
ORACLE8i PLSQL程序设计\100.559
ORACLE8i PLSQL程序设计\100.560
ORACLE8i PLSQL程序设计\100.561
ORACLE8i PLSQL程序设计\100.562
ORACLE8i PLSQL程序设计\100.563
ORACLE8i PLSQL程序设计\100.564
ORACLE8i PLSQL程序设计\100.565
ORACLE8i PLSQL程序设计\100.566
ORACLE8i PLSQL程序设计\100.567
ORACLE8i PLSQL程序设计\100.568
ORACLE8i PLSQL程序设计\100.569
ORACLE8i PLSQL程序设计\100.570
ORACLE8i PLSQL程序设计\100.571
ORACLE8i PLSQL程序设计\100.572
ORACLE8i PLSQL程序设计\100.573
ORACLE8i PLSQL程序设计\100.574
ORACLE8i PLSQL程序设计\100.575
ORACLE8i PLSQL程序设计\100.576
ORACLE8i PLSQL程序设计\100.577
ORACLE8i PLSQL程序设计\100.578
ORACLE8i PLSQL程序设计\100.579
ORACLE8i PLSQL程序设计\100.580
ORACLE8i PLSQL程序设计\100.581
ORACLE8i PLSQL程序设计\100.582
ORACLE8i PLSQL程序设计\100.583
ORACLE8i PLSQL程序设计\100.584
ORACLE8i PLSQL程序设计\100.585
ORACLE8i PLSQL程序设计\100.586
ORACLE8i PLSQL程序设计\100.587
ORACLE8i PLSQL程序设计\100.588
ORACLE8i PLSQL程序设计\100.589
ORACLE8i PLSQL程序设计\100.590
ORACLE8i PLSQL程序设计\100.591
ORACLE8i PLSQL程序设计\100.592
ORACLE8i PLSQL程序设计\100.593
ORACLE8i PLSQL程序设计\100.594
ORACLE8i PLSQL程序设计\100.595
ORACLE8i PLSQL程序设计\100.596
ORACLE8i PLSQL程序设计\100.597
ORACLE8i PLSQL程序设计\100.598
ORACLE8i PLSQL程序设计\100.599
ORACLE8i PLSQL程序设计\100.600
ORACLE8i PLSQL程序设计\100.601
ORACLE8i PLSQL程序设计\100.602
ORACLE8i PLSQL程序设计\100.603
ORACLE8i PLSQL程序设计\100.604
ORACLE8i PLSQL程序设计\100.605
ORACLE8i PLSQL程序设计\100.606
ORACLE8i PLSQL程序设计\100.607
ORACLE8i PLSQL程序设计\100.608
ORACLE8i PLSQL程序设计\100.609
ORACLE8i PLSQL程序设计\100.610
ORACLE8i PLSQL程序设计\100.611
ORACLE8i PLSQL程序设计\100.612
ORACLE8i PLSQL程序设计\100.613
ORACLE8i PLSQL程序设计\100.614
ORACLE8i PLSQL程序设计\100.615
ORACLE8i PLSQL程序设计\100.616
ORACLE8i PLSQL程序设计\100.617
ORACLE8i PLSQL程序设计\100.618
ORACLE8i PLSQL程序设计\100.619
ORACLE8i PLSQL程序设计\100.620
ORACLE8i PLSQL程序设计\100.621
ORACLE8i PLSQL程序设计\100.622
ORACLE8i PLSQL程序设计\100.623
ORACLE8i PLSQL程序设计\100.624
ORACLE8i PLSQL程序设计\100.625
ORACLE8i PLSQL程序设计\100.626
ORACLE8i PLSQL程序设计\100.627
ORACLE8i PLSQL程序设计\100.628
ORACLE8i PLSQL程序设计\100.629
ORACLE8i PLSQL程序设计\100.630
ORACLE8i PLSQL程序设计\100.631
ORACLE8i PLSQL程序设计\100.632
ORACLE8i PLSQL程序设计\100.633
ORACLE8i PLSQL程序设计\100.634
ORACLE8i PLSQL程序设计\100.635
ORACLE8i PLSQL程序设计\100.636
ORACLE8i PLSQL程序设计\100.637
ORACLE8i PLSQL程序设计\100.638
ORACLE8i PLSQL程序设计\100.639
ORACLE8i PLSQL程序设计\100.640
ORACLE8i PLSQL程序设计\100.641
ORACLE8i PLSQL程序设计\100.642
ORACLE8i PLSQL程序设计\100.643
ORACLE8i PLSQL程序设计\100.644
ORACLE8i PLSQL程序设计\100.645
ORACLE8i PLSQL程序设计\100.A01
ORACLE8i PLSQL程序设计\100.A02
ORACLE8i PLSQL程序设计\100.A03
ORACLE8i PLSQL程序设计\100.A04
ORACLE8i PLSQL程序设计\100.A05
ORACLE8i PLSQL程序设计\100.A06
ORACLE8i PLSQL程序设计\100.A07


The following files were not compiled:
网页\oracle行列转换\WMSYS_WM_CONCAT?函档挠梅_livia_新浪博客.mht
